2021-07-12 12:21:14 [LogTestSstem] error: uncaughtException: Cannot read property 'Console' of undefined
TypeError: Cannot read property 'Console' of undefined
    at Object.<anonymous> (C:\ohbyul_workspace\script_workspaace\nodeJS_restApiServer_frist-main\nodeJS_restApiServer_frist-main\config\logger.js:74:38)
    at Module._compile (internal/modules/cjs/loader.js:1068:30)
    at Object.Module._extensions..js (internal/modules/cjs/loader.js:1097:10)
    at Module.load (internal/modules/cjs/loader.js:933:32)
    at Function.Module._load (internal/modules/cjs/loader.js:774:14)
    at Module.require (internal/modules/cjs/loader.js:957:19)
    at require (internal/modules/cjs/helpers.js:88:18)
    at Object.<anonymous> (C:\ohbyul_workspace\script_workspaace\nodeJS_restApiServer_frist-main\nodeJS_restApiServer_frist-main\log_test.js:1:13)
    at Module._compile (internal/modules/cjs/loader.js:1068:30)
    at Object.Module._extensions..js (internal/modules/cjs/loader.js:1097:10)
2021-07-12 12:21:52 [LogTestSstem] error: uncaughtException: Cannot read property 'Console' of undefined
TypeError: Cannot read property 'Console' of undefined
    at Object.<anonymous> (C:\ohbyul_workspace\script_workspaace\nodeJS_restApiServer_frist-main\nodeJS_restApiServer_frist-main\config\logger.js:74:38)
    at Module._compile (internal/modules/cjs/loader.js:1068:30)
    at Object.Module._extensions..js (internal/modules/cjs/loader.js:1097:10)
    at Module.load (internal/modules/cjs/loader.js:933:32)
    at Function.Module._load (internal/modules/cjs/loader.js:774:14)
    at Module.require (internal/modules/cjs/loader.js:957:19)
    at require (internal/modules/cjs/helpers.js:88:18)
    at Object.<anonymous> (C:\ohbyul_workspace\script_workspaace\nodeJS_restApiServer_frist-main\nodeJS_restApiServer_frist-main\log_test.js:1:13)
    at Module._compile (internal/modules/cjs/loader.js:1068:30)
    at Object.Module._extensions..js (internal/modules/cjs/loader.js:1097:10)
2021-07-12 12:23:48 [LogTestSstem] error: uncaughtException: Cannot read property 'console' of undefined
TypeError: Cannot read property 'console' of undefined
    at Object.<anonymous> (C:\ohbyul_workspace\script_workspaace\nodeJS_restApiServer_frist-main\nodeJS_restApiServer_frist-main\config\logger.js:74:38)
    at Module._compile (internal/modules/cjs/loader.js:1068:30)
    at Object.Module._extensions..js (internal/modules/cjs/loader.js:1097:10)
    at Module.load (internal/modules/cjs/loader.js:933:32)
    at Function.Module._load (internal/modules/cjs/loader.js:774:14)
    at Module.require (internal/modules/cjs/loader.js:957:19)
    at require (internal/modules/cjs/helpers.js:88:18)
    at Object.<anonymous> (C:\ohbyul_workspace\script_workspaace\nodeJS_restApiServer_frist-main\nodeJS_restApiServer_frist-main\log_test.js:1:13)
    at Module._compile (internal/modules/cjs/loader.js:1068:30)
    at Object.Module._extensions..js (internal/modules/cjs/loader.js:1097:10)
2021-07-12 12:37:17 [LogTestSstem] error: uncaughtException: winston.transports.console is not a constructor
TypeError: winston.transports.console is not a constructor
    at Object.<anonymous> (C:\ohbyul_workspace\script_workspaace\nodeJS_restApiServer_frist-main\nodeJS_restApiServer_frist-main\config\logger.js:74:16)
    at Module._compile (internal/modules/cjs/loader.js:1068:30)
    at Object.Module._extensions..js (internal/modules/cjs/loader.js:1097:10)
    at Module.load (internal/modules/cjs/loader.js:933:32)
    at Function.Module._load (internal/modules/cjs/loader.js:774:14)
    at Module.require (internal/modules/cjs/loader.js:957:19)
    at require (internal/modules/cjs/helpers.js:88:18)
    at Object.<anonymous> (C:\ohbyul_workspace\script_workspaace\nodeJS_restApiServer_frist-main\nodeJS_restApiServer_frist-main\log_test.js:1:13)
    at Module._compile (internal/modules/cjs/loader.js:1068:30)
    at Object.Module._extensions..js (internal/modules/cjs/loader.js:1097:10)
2021-07-12 12:37:27 [LogTestSstem] error: uncaughtException: winston.transports.console is not a constructor
TypeError: winston.transports.console is not a constructor
    at Object.<anonymous> (C:\ohbyul_workspace\script_workspaace\nodeJS_restApiServer_frist-main\nodeJS_restApiServer_frist-main\config\logger.js:74:16)
    at Module._compile (internal/modules/cjs/loader.js:1068:30)
    at Object.Module._extensions..js (internal/modules/cjs/loader.js:1097:10)
    at Module.load (internal/modules/cjs/loader.js:933:32)
    at Function.Module._load (internal/modules/cjs/loader.js:774:14)
    at Module.require (internal/modules/cjs/loader.js:957:19)
    at require (internal/modules/cjs/helpers.js:88:18)
    at Object.<anonymous> (C:\ohbyul_workspace\script_workspaace\nodeJS_restApiServer_frist-main\nodeJS_restApiServer_frist-main\log_test.js:1:13)
    at Module._compile (internal/modules/cjs/loader.js:1068:30)
    at Object.Module._extensions..js (internal/modules/cjs/loader.js:1097:10)
